<?xml version="1.0" encoding="UTF-8"?>
<!-- Generated by org.testng.reporters.JUnitXMLReporter -->
<testsuite ignored="0" hostname="DESKTOP-MAPJBAS" failures="5" tests="31" name="Test" time="20.54" errors="0" timestamp="2024-08-31T12:22:24 IST">
  <testcase classname="samples.AuthorizationTest" name="basicAuthorization" time="5.228"/>
  <testcase classname="samples.AuthorizationTest" name="digestAuthorization" time="1.674"/>
  <testcase classname="samples.AuthorizationTest" name="preemptiveAuthorization" time="1.209"/>
  <testcase classname="samples.FileuploadDemo" name="MultiplefileUpload" time="1.321">
    <failure type="java.lang.AssertionError" message="1 expectation failed.
JSON path [0].fileName1 doesn&amp;apos;t match.
Expected: Test1.txt
  Actual: null
">
      <![CDATA[java.lang.AssertionError: 1 expectation failed.
JSON path [0].fileName1 doesn't match.
Expected: Test1.txt
  Actual: null

at org.codehaus.groovy.runtime.callsite.ConstructorSite$ConstructorSiteNoUnwrapNoCoerce.callConstructor(ConstructorSite.java:108)
at org.codehaus.groovy.runtime.callsite.CallSiteArray.defaultCallConstructor(CallSiteArray.java:57)
at org.codehaus.groovy.runtime.callsite.AbstractCallSite.callConstructor(AbstractCallSite.java:263)
at org.codehaus.groovy.runtime.callsite.AbstractCallSite.callConstructor(AbstractCallSite.java:277)
at io.restassured.internal.ResponseSpecificationImpl$HamcrestAssertionClosure.validate(ResponseSpecificationImpl.groovy:512)
at io.restassured.internal.ResponseSpecificationImpl$HamcrestAssertionClosure$validate$1.call(Unknown Source)
at io.restassured.internal.ResponseSpecificationImpl.validateResponseIfRequired(ResponseSpecificationImpl.groovy:696)
at io.restassured.internal.ResponseSpecificationImpl.this$2$validateResponseIfRequired(ResponseSpecificationImpl.groovy)
at org.codehaus.groovy.runtime.callsite.PlainObjectMetaMethodSite.doInvoke(PlainObjectMetaMethodSite.java:43)
at org.codehaus.groovy.runtime.callsite.PogoMetaMethodSite$PogoCachedMethodSiteNoUnwrapNoCoerce.invoke(PogoMetaMethodSite.java:198)
at org.codehaus.groovy.runtime.callsite.PogoMetaMethodSite.callCurrent(PogoMetaMethodSite.java:62)
at org.codehaus.groovy.runtime.callsite.AbstractCallSite.callCurrent(AbstractCallSite.java:185)
at io.restassured.internal.ResponseSpecificationImpl.body(ResponseSpecificationImpl.groovy:270)
at io.restassured.specification.ResponseSpecification$body$1.callCurrent(Unknown Source)
at io.restassured.internal.ResponseSpecificationImpl.body(ResponseSpecificationImpl.groovy:117)
at io.restassured.internal.ValidatableResponseOptionsImpl.body(ValidatableResponseOptionsImpl.java:244)
at samples.FileuploadDemo.MultiplefileUpload(FileuploadDemo.java:53)
at java.base/java.util.ArrayList.forEach(ArrayList.java:1596)
... Removed 31 stack frames]]>
    </failure>
  </testcase> <!-- MultiplefileUpload -->
  <testcase classname="samples.FileuploadDemo" name="SinglefileUpload" time="1.102">
    <failure type="java.lang.AssertionError" message="1 expectation failed.
JSON path fileName doesn&amp;apos;t match.
Expected: Text1.txt
  Actual: null
">
      <![CDATA[java.lang.AssertionError: 1 expectation failed.
JSON path fileName doesn't match.
Expected: Text1.txt
  Actual: null

at org.codehaus.groovy.runtime.callsite.ConstructorSite$ConstructorSiteNoUnwrapNoCoerce.callConstructor(ConstructorSite.java:108)
at org.codehaus.groovy.runtime.callsite.AbstractCallSite.callConstructor(AbstractCallSite.java:277)
at io.restassured.internal.ResponseSpecificationImpl$HamcrestAssertionClosure.validate(ResponseSpecificationImpl.groovy:512)
at io.restassured.internal.ResponseSpecificationImpl$HamcrestAssertionClosure$validate$1.call(Unknown Source)
at io.restassured.internal.ResponseSpecificationImpl.validateResponseIfRequired(ResponseSpecificationImpl.groovy:696)
at io.restassured.internal.ResponseSpecificationImpl.this$2$validateResponseIfRequired(ResponseSpecificationImpl.groovy)
at org.codehaus.groovy.runtime.callsite.PlainObjectMetaMethodSite.doInvoke(PlainObjectMetaMethodSite.java:43)
at org.codehaus.groovy.runtime.callsite.PogoMetaMethodSite$PogoCachedMethodSiteNoUnwrapNoCoerce.invoke(PogoMetaMethodSite.java:198)
at org.codehaus.groovy.runtime.callsite.PogoMetaMethodSite.callCurrent(PogoMetaMethodSite.java:62)
at org.codehaus.groovy.runtime.callsite.AbstractCallSite.callCurrent(AbstractCallSite.java:185)
at io.restassured.internal.ResponseSpecificationImpl.body(ResponseSpecificationImpl.groovy:270)
at io.restassured.specification.ResponseSpecification$body$1.callCurrent(Unknown Source)
at io.restassured.internal.ResponseSpecificationImpl.body(ResponseSpecificationImpl.groovy:117)
at io.restassured.internal.ValidatableResponseOptionsImpl.body(ValidatableResponseOptionsImpl.java:244)
at samples.FileuploadDemo.SinglefileUpload(FileuploadDemo.java:30)
at java.base/java.util.ArrayList.forEach(ArrayList.java:1596)
... Removed 31 stack frames]]>
    </failure>
  </testcase> <!-- SinglefileUpload -->
  <testcase classname="samples.Cookies" name="getCookies" time="0.714"/>
  <testcase classname="samples.JsonSchemaValidatorDemo" name="getUsers" time="0.831"/>
  <testcase classname="samples.HeadersDemo" name="getHeaders" time="0.623"/>
  <testcase classname="samples.HeadersDemo" name="getHeadersvalue" time="0.644"/>
  <testcase classname="samples.HeadersDemo" name="logprint" time="0.61"/>
  <testcase classname="samples.Example1" name="getUserList" time="0.112"/>
  <testcase classname="samples.Example1" name="createUser" time="0.44"/>
  <testcase classname="samples.Example1" name="updateUser" time="0.508"/>
  <testcase classname="samples.Example1" name="deleteUser" time="0.367"/>
  <testcase classname="samples.ValidatingResponse" name="getUsers3" time="0.083"/>
  <testcase classname="samples.PathAndQueryParameter" name="getSingleUser" time="0.445"/>
  <testcase classname="samples.UsingPojoClassData" name="getUserList" time="0.083"/>
  <testcase classname="samples.UsingPojoClassData" name="createUser" time="0.433"/>
  <testcase classname="samples.UsingPojoClassData" name="updateUser" time="0.474"/>
  <testcase classname="samples.UsingPojoClassData" name="deleteUser" time="0.463"/>
  <testcase classname="samples.UsingDataProviderwithoutExcelUtility" name="getUserList" time="0.195"/>
  <testcase classname="samples.UsingDataProviderwithoutExcelUtility" name="createUser" time="0.065">
    <failure type="com.fasterxml.jackson.databind.exc.InvalidDefinitionException" message="No serializer found for class com.jayway.jsonpath.internal.JsonContext and no properties discovered to create BeanSerializer (to avoid exception, disable SerializationFeature.FAIL_ON_EMPTY_BEANS)">
      <![CDATA[com.fasterxml.jackson.databind.exc.InvalidDefinitionException: No serializer found for class com.jayway.jsonpath.internal.JsonContext and no properties discovered to create BeanSerializer (to avoid exception, disable SerializationFeature.FAIL_ON_EMPTY_BEANS)
at com.fasterxml.jackson.databind.exc.InvalidDefinitionException.from(InvalidDefinitionException.java:77)
at com.fasterxml.jackson.databind.SerializerProvider.reportBadDefinition(SerializerProvider.java:1330)
at com.fasterxml.jackson.databind.DatabindContext.reportBadDefinition(DatabindContext.java:414)
at com.fasterxml.jackson.databind.ser.impl.UnknownSerializer.failForEmpty(UnknownSerializer.java:53)
at com.fasterxml.jackson.databind.ser.impl.UnknownSerializer.serialize(UnknownSerializer.java:30)
at com.fasterxml.jackson.databind.ser.DefaultSerializerProvider._serialize(DefaultSerializerProvider.java:502)
at com.fasterxml.jackson.databind.ser.DefaultSerializerProvider.serializeValue(DefaultSerializerProvider.java:341)
at com.fasterxml.jackson.databind.ObjectMapper.writeValue(ObjectMapper.java:3364)
at com.fasterxml.jackson.databind.ObjectMapper$writeValue.call(Unknown Source)
at org.codehaus.groovy.runtime.callsite.CallSiteArray.defaultCall(CallSiteArray.java:45)
at com.fasterxml.jackson.databind.ObjectMapper$writeValue.call(Unknown Source)
at io.restassured.internal.mapping.Jackson2Mapper.serialize(Jackson2Mapper.groovy:53)
at io.restassured.internal.mapping.Jackson2Mapper.serialize(Jackson2Mapper.groovy)
at io.restassured.mapper.ObjectMapper$serialize.call(Unknown Source)
at io.restassured.internal.mapping.ObjectMapping.serializeWithJackson2(ObjectMapping.groovy:217)
at org.codehaus.groovy.runtime.callsite.StaticMetaMethodSite$StaticMetaMethodSiteNoUnwrapNoCoerce.invoke(StaticMetaMethodSite.java:153)
at org.codehaus.groovy.runtime.callsite.StaticMetaMethodSite.callStatic(StaticMetaMethodSite.java:102)
at org.codehaus.groovy.runtime.callsite.AbstractCallSite.callStatic(AbstractCallSite.java:240)
at io.restassured.internal.mapping.ObjectMapping.serialize(ObjectMapping.groovy:154)
at io.restassured.internal.mapping.ObjectMapping$serialize.call(Unknown Source)
at org.codehaus.groovy.runtime.callsite.CallSiteArray.defaultCall(CallSiteArray.java:45)
at io.restassured.internal.mapping.ObjectMapping$serialize.call(Unknown Source)
at io.restassured.internal.RequestSpecificationImpl.body(RequestSpecificationImpl.groovy:770)
at samples.UsingDataProviderwithoutExcelUtility.createUser(UsingDataProviderwithoutExcelUtility.java:52)
at java.base/java.util.ArrayList.forEach(ArrayList.java:1596)
... Removed 28 stack frames]]>
    </failure>
  </testcase> <!-- createUser -->
  <testcase classname="samples.UsingDataProviderwithoutExcelUtility" name="createUser" time="0.008">
    <failure type="com.fasterxml.jackson.databind.exc.InvalidDefinitionException" message="No serializer found for class com.jayway.jsonpath.internal.JsonContext and no properties discovered to create BeanSerializer (to avoid exception, disable SerializationFeature.FAIL_ON_EMPTY_BEANS)">
      <![CDATA[com.fasterxml.jackson.databind.exc.InvalidDefinitionException: No serializer found for class com.jayway.jsonpath.internal.JsonContext and no properties discovered to create BeanSerializer (to avoid exception, disable SerializationFeature.FAIL_ON_EMPTY_BEANS)
at com.fasterxml.jackson.databind.exc.InvalidDefinitionException.from(InvalidDefinitionException.java:77)
at com.fasterxml.jackson.databind.SerializerProvider.reportBadDefinition(SerializerProvider.java:1330)
at com.fasterxml.jackson.databind.DatabindContext.reportBadDefinition(DatabindContext.java:414)
at com.fasterxml.jackson.databind.ser.impl.UnknownSerializer.failForEmpty(UnknownSerializer.java:53)
at com.fasterxml.jackson.databind.ser.impl.UnknownSerializer.serialize(UnknownSerializer.java:30)
at com.fasterxml.jackson.databind.ser.DefaultSerializerProvider._serialize(DefaultSerializerProvider.java:502)
at com.fasterxml.jackson.databind.ser.DefaultSerializerProvider.serializeValue(DefaultSerializerProvider.java:341)
at com.fasterxml.jackson.databind.ObjectMapper.writeValue(ObjectMapper.java:3364)
at com.fasterxml.jackson.databind.ObjectMapper$writeValue.call(Unknown Source)
at io.restassured.internal.mapping.Jackson2Mapper.serialize(Jackson2Mapper.groovy:53)
at io.restassured.internal.mapping.Jackson2Mapper.serialize(Jackson2Mapper.groovy)
at io.restassured.mapper.ObjectMapper$serialize.call(Unknown Source)
at io.restassured.internal.mapping.ObjectMapping.serializeWithJackson2(ObjectMapping.groovy:217)
at org.codehaus.groovy.runtime.callsite.StaticMetaMethodSite$StaticMetaMethodSiteNoUnwrapNoCoerce.invoke(StaticMetaMethodSite.java:153)
at org.codehaus.groovy.runtime.callsite.StaticMetaMethodSite.callStatic(StaticMetaMethodSite.java:102)
at org.codehaus.groovy.runtime.callsite.AbstractCallSite.callStatic(AbstractCallSite.java:240)
at io.restassured.internal.mapping.ObjectMapping.serialize(ObjectMapping.groovy:154)
at io.restassured.internal.mapping.ObjectMapping$serialize.call(Unknown Source)
at io.restassured.internal.RequestSpecificationImpl.body(RequestSpecificationImpl.groovy:770)
at samples.UsingDataProviderwithoutExcelUtility.createUser(UsingDataProviderwithoutExcelUtility.java:52)
at java.base/java.util.ArrayList.forEach(ArrayList.java:1596)
... Removed 28 stack frames]]>
    </failure>
  </testcase> <!-- createUser -->
  <testcase classname="samples.UsingDataProviderwithoutExcelUtility" name="createUser" time="0.004">
    <failure type="com.fasterxml.jackson.databind.exc.InvalidDefinitionException" message="No serializer found for class com.jayway.jsonpath.internal.JsonContext and no properties discovered to create BeanSerializer (to avoid exception, disable SerializationFeature.FAIL_ON_EMPTY_BEANS)">
      <![CDATA[com.fasterxml.jackson.databind.exc.InvalidDefinitionException: No serializer found for class com.jayway.jsonpath.internal.JsonContext and no properties discovered to create BeanSerializer (to avoid exception, disable SerializationFeature.FAIL_ON_EMPTY_BEANS)
at com.fasterxml.jackson.databind.exc.InvalidDefinitionException.from(InvalidDefinitionException.java:77)
at com.fasterxml.jackson.databind.SerializerProvider.reportBadDefinition(SerializerProvider.java:1330)
at com.fasterxml.jackson.databind.DatabindContext.reportBadDefinition(DatabindContext.java:414)
at com.fasterxml.jackson.databind.ser.impl.UnknownSerializer.failForEmpty(UnknownSerializer.java:53)
at com.fasterxml.jackson.databind.ser.impl.UnknownSerializer.serialize(UnknownSerializer.java:30)
at com.fasterxml.jackson.databind.ser.DefaultSerializerProvider._serialize(DefaultSerializerProvider.java:502)
at com.fasterxml.jackson.databind.ser.DefaultSerializerProvider.serializeValue(DefaultSerializerProvider.java:341)
at com.fasterxml.jackson.databind.ObjectMapper.writeValue(ObjectMapper.java:3364)
at com.fasterxml.jackson.databind.ObjectMapper$writeValue.call(Unknown Source)
at io.restassured.internal.mapping.Jackson2Mapper.serialize(Jackson2Mapper.groovy:53)
at io.restassured.internal.mapping.Jackson2Mapper.serialize(Jackson2Mapper.groovy)
at io.restassured.mapper.ObjectMapper$serialize.call(Unknown Source)
at io.restassured.internal.mapping.ObjectMapping.serializeWithJackson2(ObjectMapping.groovy:217)
at org.codehaus.groovy.runtime.callsite.StaticMetaMethodSite$StaticMetaMethodSiteNoUnwrapNoCoerce.invoke(StaticMetaMethodSite.java:153)
at org.codehaus.groovy.runtime.callsite.StaticMetaMethodSite.callStatic(StaticMetaMethodSite.java:102)
at org.codehaus.groovy.runtime.callsite.AbstractCallSite.callStatic(AbstractCallSite.java:240)
at io.restassured.internal.mapping.ObjectMapping.serialize(ObjectMapping.groovy:154)
at io.restassured.internal.mapping.ObjectMapping$serialize.call(Unknown Source)
at io.restassured.internal.RequestSpecificationImpl.body(RequestSpecificationImpl.groovy:770)
at samples.UsingDataProviderwithoutExcelUtility.createUser(UsingDataProviderwithoutExcelUtility.java:52)
at java.base/java.util.ArrayList.forEach(ArrayList.java:1596)
... Removed 28 stack frames]]>
    </failure>
  </testcase> <!-- createUser -->
  <testcase classname="samples.UsingDataProviderwithoutExcelUtility" name="updateUser" time="0.0">
    <skipped/>
  </testcase> <!-- updateUser -->
  <testcase classname="samples.UsingDataProviderwithoutExcelUtility" name="deleteUser" time="0.0">
    <skipped/>
  </testcase> <!-- deleteUser -->
  <testcase classname="samples.UsingExternalJsonFile" name="getUserList" time="0.103"/>
  <testcase classname="samples.UsingExternalJsonFile" name="createUser" time="0.372"/>
  <testcase classname="samples.UsingExternalJsonFile" name="updateUser" time="0.337"/>
  <testcase classname="samples.UsingExternalJsonFile" name="deleteUser" time="0.358"/>
  <testcase classname="samples.FakerClassDataGenerate" name="fakerDataGeneration" time="0.313"/>
</testsuite> <!-- Test -->
