<?xml version="1.0" encoding="UTF-8"?>
<testng-results ignored="0" total="1" passed="1" failed="0" skipped="0">
  <reporter-output>
  </reporter-output>
  <suite started-at="2024-08-16T15:49:04 IST" name="Default suite" finished-at="2024-08-16T15:49:04 IST" duration-ms="510">
    <groups>
    </groups>
    <test started-at="2024-08-16T15:49:04 IST" name="Default test" finished-at="2024-08-16T15:49:04 IST" duration-ms="510">
      <class name="samples.FakerClassDataGenerate">
        <test-method signature="fakerDataGeneration()[pri:0, instance:samples.FakerClassDataGenerate@1033576a]" started-at="2024-08-16T15:49:04 IST" name="fakerDataGeneration" finished-at="2024-08-16T15:49:04 IST" duration-ms="396" status="PASS">
          <reporter-output>
          </reporter-output>
        </test-method> <!-- fakerDataGeneration -->
      </class> <!-- samples.FakerClassDataGenerate -->
    </test> <!-- Default test -->
  </suite> <!-- Default suite -->
</testng-results>
